Watching for file changes with StatReloader
C:\Users\user\Documents\gb\djangoProject\myproject\myproject\settings.py changed, reloading.
Watching for file changes with StatReloader
"GET / HTTP/1.1" 200 13
"GET /about/ HTTP/1.1" 200 8
Watching for file changes with StatReloader
Internal Server Error: /
Traceback (most recent call last):
  File "C:\Users\user\Documents\gb\djangoProject\venv\Lib\site-packages\django\template\backends\django.py", line 61, in render
    return self.template.render(context)
           ^^^^^^^^^^^^^^^^^^^^^^^^^^^^^
  File "C:\Users\user\Documents\gb\djangoProject\venv\Lib\site-packages\django\template\base.py", line 171, in render
    return self._render(context)
           ^^^^^^^^^^^^^^^^^^^^^
  File "C:\Users\user\Documents\gb\djangoProject\venv\Lib\site-packages\django\template\base.py", line 163, in _render
    return self.nodelist.render(context)
           ^^^^^^^^^^^^^^^^^^^^^^^^^^^^^
  File "C:\Users\user\Documents\gb\djangoProject\venv\Lib\site-packages\django\template\base.py", line 1000, in render
    return SafeString("".join([node.render_annotated(context) for node in self]))
                              ^^^^^^^^^^^^^^^^^^^^^^^^^^^^^^^^^^^^^^^^^^^^^^^^^
  File "C:\Users\user\Documents\gb\djangoProject\venv\Lib\site-packages\django\template\base.py", line 1000, in <listcomp>
    return SafeString("".join([node.render_annotated(context) for node in self]))
                               ^^^^^^^^^^^^^^^^^^^^^^^^^^^^^^
  File "C:\Users\user\Documents\gb\djangoProject\venv\Lib\site-packages\django\template\base.py", line 961, in render_annotated
    return self.render(context)
           ^^^^^^^^^^^^^^^^^^^^
  File "C:\Users\user\Documents\gb\djangoProject\venv\Lib\site-packages\django\template\loader_tags.py", line 134, in render
    compiled_parent = self.get_parent(context)
                      ^^^^^^^^^^^^^^^^^^^^^^^^
  File "C:\Users\user\Documents\gb\djangoProject\venv\Lib\site-packages\django\template\loader_tags.py", line 131, in get_parent
    return self.find_template(parent, context)
           ^^^^^^^^^^^^^^^^^^^^^^^^^^^^^^^^^^^
  File "C:\Users\user\Documents\gb\djangoProject\venv\Lib\site-packages\django\template\loader_tags.py", line 109, in find_template
    template, origin = context.template.engine.find_template(
                       ^^^^^^^^^^^^^^^^^^^^^^^^^^^^^^^^^^^^^^
  File "C:\Users\user\Documents\gb\djangoProject\venv\Lib\site-packages\django\template\engine.py", line 161, in find_template
    raise TemplateDoesNotExist(name, tried=tried)
django.template.exceptions.TemplateDoesNotExist: myapp3/base.html

The above exception was the direct cause of the following exception:

Traceback (most recent call last):
  File "C:\Users\user\Documents\gb\djangoProject\venv\Lib\site-packages\django\core\handlers\exception.py", line 55, in inner
    response = get_response(request)
               ^^^^^^^^^^^^^^^^^^^^^
  File "C:\Users\user\Documents\gb\djangoProject\venv\Lib\site-packages\django\core\handlers\base.py", line 197, in _get_response
    response = wrapped_callback(request, *callback_args, **callback_kwargs)
               ^^^^^^^^^^^^^^^^^^^^^^^^^^^^^^^^^^^^^^^^^^^^^^^^^^^^^^^^^^^^
  File "C:\Users\user\Documents\gb\djangoProject\myproject\finalapp\views.py", line 6, in index
    return render(request, 'finalapp/index.html')
           ^^^^^^^^^^^^^^^^^^^^^^^^^^^^^^^^^^^^^^
  File "C:\Users\user\Documents\gb\djangoProject\venv\Lib\site-packages\django\shortcuts.py", line 24, in render
    content = loader.render_to_string(template_name, context, request, using=using)
              ^^^^^^^^^^^^^^^^^^^^^^^^^^^^^^^^^^^^^^^^^^^^^^^^^^^^^^^^^^^^^^^^^^^^^
  File "C:\Users\user\Documents\gb\djangoProject\venv\Lib\site-packages\django\template\loader.py", line 62, in render_to_string
    return template.render(context, request)
           ^^^^^^^^^^^^^^^^^^^^^^^^^^^^^^^^^
  File "C:\Users\user\Documents\gb\djangoProject\venv\Lib\site-packages\django\template\backends\django.py", line 63, in render
    reraise(exc, self.backend)
  File "C:\Users\user\Documents\gb\djangoProject\venv\Lib\site-packages\django\template\backends\django.py", line 84, in reraise
    raise new from exc
django.template.exceptions.TemplateDoesNotExist: myapp3/base.html
"GET / HTTP/1.1" 500 127001
"GET / HTTP/1.1" 200 293
"GET /about/ HTTP/1.1" 200 293
"GET / HTTP/1.1" 200 293
"GET / HTTP/1.1" 200 301
"GET / HTTP/1.1" 200 301
"GET /about/ HTTP/1.1" 200 301
"GET / HTTP/1.1" 200 301
"GET /about/ HTTP/1.1" 200 301
"GET / HTTP/1.1" 200 301
"GET /about/ HTTP/1.1" 200 301
"GET / HTTP/1.1" 200 301
"GET /about/ HTTP/1.1" 200 301
"GET / HTTP/1.1" 200 301
"GET /about/ HTTP/1.1" 200 301
"GET / HTTP/1.1" 200 301
"GET /about/ HTTP/1.1" 200 301
"GET / HTTP/1.1" 200 301
"GET /about/ HTTP/1.1" 200 301
"GET / HTTP/1.1" 200 301
"GET /about/ HTTP/1.1" 200 301
"GET / HTTP/1.1" 200 301
"GET /about/ HTTP/1.1" 200 301
"GET / HTTP/1.1" 200 301
"GET / HTTP/1.1" 200 300
"GET /about/ HTTP/1.1" 200 300
"GET / HTTP/1.1" 200 300
"GET /about/ HTTP/1.1" 200 300
"GET / HTTP/1.1" 200 300
"GET /about/ HTTP/1.1" 200 300
"GET /about/ HTTP/1.1" 200 300
"GET / HTTP/1.1" 200 300
"GET /about/ HTTP/1.1" 200 300
"GET / HTTP/1.1" 200 300
"GET /about/ HTTP/1.1" 200 300
"GET / HTTP/1.1" 200 300
"GET /about/ HTTP/1.1" 200 300
"GET /admin/ HTTP/1.1" 302 0
"GET /admin/login/?next=/admin/ HTTP/1.1" 200 4158
"GET /static/admin/css/dark_mode.css HTTP/1.1" 200 2682
"GET /static/admin/css/base.css HTTP/1.1" 200 21544
"GET /static/admin/css/nav_sidebar.css HTTP/1.1" 200 2810
"GET /static/admin/css/responsive.css HTTP/1.1" 200 17905
"GET /static/admin/css/login.css HTTP/1.1" 200 958
"GET /static/admin/js/theme.js HTTP/1.1" 200 1943
"GET /static/admin/js/nav_sidebar.js HTTP/1.1" 200 3063
Watching for file changes with StatReloader
"GET / HTTP/1.1" 200 300
"GET /admin/ HTTP/1.1" 302 0
"GET /admin/login/?next=/admin/ HTTP/1.1" 200 4158
"GET /static/admin/css/responsive.css HTTP/1.1" 200 17905
"GET /static/admin/css/nav_sidebar.css HTTP/1.1" 200 2810
"GET /static/admin/css/dark_mode.css HTTP/1.1" 200 2682
"GET /static/admin/css/login.css HTTP/1.1" 200 958
"GET /static/admin/css/base.css HTTP/1.1" 200 21544
"GET /static/admin/js/nav_sidebar.js HTTP/1.1" 200 3063
"GET /static/admin/js/theme.js HTTP/1.1" 200 1943
"POST /admin/login/?next=/admin/ HTTP/1.1" 302 0
"GET /admin/ HTTP/1.1" 200 5533
"GET /static/admin/css/dashboard.css HTTP/1.1" 200 441
"GET /static/admin/img/icon-addlink.svg HTTP/1.1" 200 331
"GET /static/admin/img/icon-changelink.svg HTTP/1.1" 200 380
"GET /admin/auth/user/add/ HTTP/1.1" 200 10134
"GET /static/admin/css/forms.css HTTP/1.1" 200 9090
"GET /static/admin/js/jquery.init.js HTTP/1.1" 200 347
"GET /admin/jsi18n/ HTTP/1.1" 200 3342
"GET /static/admin/js/core.js HTTP/1.1" 200 6208
"GET /static/admin/js/admin/RelatedObjectLookups.js HTTP/1.1" 200 9042
"GET /static/admin/js/urlify.js HTTP/1.1" 200 7887
"GET /static/admin/js/actions.js HTTP/1.1" 200 8067
"GET /static/admin/css/widgets.css HTTP/1.1" 200 11800
"GET /static/admin/js/prepopulate_init.js HTTP/1.1" 200 586
"GET /static/admin/js/prepopulate.js HTTP/1.1" 200 1531
"GET /static/admin/js/vendor/jquery/jquery.js HTTP/1.1" 200 285314
"GET /static/admin/js/change_form.js HTTP/1.1" 200 606
"GET /static/admin/js/vendor/xregexp/xregexp.js HTTP/1.1" 200 325171
"GET / HTTP/1.1" 200 300
"GET /admin/ HTTP/1.1" 200 5533
C:\Users\user\Documents\gb\djangoProject\myproject\finalapp\admin.py changed, reloading.
Watching for file changes with StatReloader
C:\Users\user\Documents\gb\djangoProject\myproject\finalapp\admin.py changed, reloading.
Watching for file changes with StatReloader
C:\Users\user\Documents\gb\djangoProject\myproject\finalapp\admin.py changed, reloading.
Watching for file changes with StatReloader
C:\Users\user\Documents\gb\djangoProject\myproject\finalapp\admin.py changed, reloading.
Watching for file changes with StatReloader
"GET /admin/ HTTP/1.1" 200 6195
"GET /admin/finalapp/person/add/ HTTP/1.1" 200 9501
"GET /admin/jsi18n/ HTTP/1.1" 200 3342
"POST /admin/finalapp/person/add/ HTTP/1.1" 302 0
"GET /admin/finalapp/person/ HTTP/1.1" 200 8937
"GET /admin/jsi18n/ HTTP/1.1" 200 3342
"GET /static/admin/css/changelists.css HTTP/1.1" 200 6811
"GET /static/admin/js/filters.js HTTP/1.1" 200 978
"GET /static/admin/img/tooltag-add.svg HTTP/1.1" 200 331
"GET /static/admin/img/icon-yes.svg HTTP/1.1" 200 436
"GET /admin/auth/user/ HTTP/1.1" 200 11277
"GET /static/admin/img/search.svg HTTP/1.1" 200 458
"GET /admin/jsi18n/ HTTP/1.1" 200 3342
"GET /static/admin/img/icon-viewlink.svg HTTP/1.1" 200 581
"GET /static/admin/img/sorting-icons.svg HTTP/1.1" 200 1097
"GET /admin/finalapp/person/ HTTP/1.1" 200 8726
"GET /admin/jsi18n/ HTTP/1.1" 200 3342
C:\Users\user\Documents\gb\djangoProject\myproject\finalapp\models.py changed, reloading.
Watching for file changes with StatReloader
C:\Users\user\Documents\gb\djangoProject\myproject\finalapp\models.py changed, reloading.
Watching for file changes with StatReloader
"GET /admin/finalapp/person/ HTTP/1.1" 200 8722
"GET /admin/jsi18n/ HTTP/1.1" 200 3342
Watching for file changes with StatReloader
"GET / HTTP/1.1" 200 300
Watching for file changes with StatReloader
"GET / HTTP/1.1" 200 357
Internal Server Error: /contacts
Traceback (most recent call last):
  File "C:\Users\user\Documents\gb\djangoProject\venv\Lib\site-packages\django\template\base.py", line 502, in parse
    compile_func = self.tags[command]
                   ~~~~~~~~~^^^^^^^^^
KeyError: 'endblock'

During handling of the above exception, another exception occurred:

Traceback (most recent call last):
  File "C:\Users\user\Documents\gb\djangoProject\venv\Lib\site-packages\django\core\handlers\exception.py", line 55, in inner
    response = get_response(request)
               ^^^^^^^^^^^^^^^^^^^^^
  File "C:\Users\user\Documents\gb\djangoProject\venv\Lib\site-packages\django\core\handlers\base.py", line 197, in _get_response
    response = wrapped_callback(request, *callback_args, **callback_kwargs)
               ^^^^^^^^^^^^^^^^^^^^^^^^^^^^^^^^^^^^^^^^^^^^^^^^^^^^^^^^^^^^
  File "C:\Users\user\Documents\gb\djangoProject\myproject\finalapp\views.py", line 16, in contacts
    return render(request, 'finalapp/contacts.html')
           ^^^^^^^^^^^^^^^^^^^^^^^^^^^^^^^^^^^^^^^^^
  File "C:\Users\user\Documents\gb\djangoProject\venv\Lib\site-packages\django\shortcuts.py", line 24, in render
    content = loader.render_to_string(template_name, context, request, using=using)
              ^^^^^^^^^^^^^^^^^^^^^^^^^^^^^^^^^^^^^^^^^^^^^^^^^^^^^^^^^^^^^^^^^^^^^
  File "C:\Users\user\Documents\gb\djangoProject\venv\Lib\site-packages\django\template\loader.py", line 61, in render_to_string
    template = get_template(template_name, using=using)
               ^^^^^^^^^^^^^^^^^^^^^^^^^^^^^^^^^^^^^^^^
  File "C:\Users\user\Documents\gb\djangoProject\venv\Lib\site-packages\django\template\loader.py", line 15, in get_template
    return engine.get_template(template_name)
           ^^^^^^^^^^^^^^^^^^^^^^^^^^^^^^^^^^
  File "C:\Users\user\Documents\gb\djangoProject\venv\Lib\site-packages\django\template\backends\django.py", line 33, in get_template
    return Template(self.engine.get_template(template_name), self)
                    ^^^^^^^^^^^^^^^^^^^^^^^^^^^^^^^^^^^^^^^
  File "C:\Users\user\Documents\gb\djangoProject\venv\Lib\site-packages\django\template\engine.py", line 175, in get_template
    template, origin = self.find_template(template_name)
                       ^^^^^^^^^^^^^^^^^^^^^^^^^^^^^^^^^
  File "C:\Users\user\Documents\gb\djangoProject\venv\Lib\site-packages\django\template\engine.py", line 157, in find_template
    template = loader.get_template(name, skip=skip)
               ^^^^^^^^^^^^^^^^^^^^^^^^^^^^^^^^^^^^
  File "C:\Users\user\Documents\gb\djangoProject\venv\Lib\site-packages\django\template\loaders\cached.py", line 57, in get_template
    template = super().get_template(template_name, skip)
               ^^^^^^^^^^^^^^^^^^^^^^^^^^^^^^^^^^^^^^^^^
  File "C:\Users\user\Documents\gb\djangoProject\venv\Lib\site-packages\django\template\loaders\base.py", line 28, in get_template
    return Template(
           ^^^^^^^^^
  File "C:\Users\user\Documents\gb\djangoProject\venv\Lib\site-packages\django\template\base.py", line 154, in __init__
    self.nodelist = self.compile_nodelist()
                    ^^^^^^^^^^^^^^^^^^^^^^^
  File "C:\Users\user\Documents\gb\djangoProject\venv\Lib\site-packages\django\template\base.py", line 196, in compile_nodelist
    return parser.parse()
           ^^^^^^^^^^^^^^
  File "C:\Users\user\Documents\gb\djangoProject\venv\Lib\site-packages\django\template\base.py", line 510, in parse
    raise self.error(token, e)
  File "C:\Users\user\Documents\gb\djangoProject\venv\Lib\site-packages\django\template\base.py", line 508, in parse
    compiled_result = compile_func(self, token)
                      ^^^^^^^^^^^^^^^^^^^^^^^^^
  File "C:\Users\user\Documents\gb\djangoProject\venv\Lib\site-packages\django\template\loader_tags.py", line 295, in do_extends
    nodelist = parser.parse()
               ^^^^^^^^^^^^^^
  File "C:\Users\user\Documents\gb\djangoProject\venv\Lib\site-packages\django\template\base.py", line 510, in parse
    raise self.error(token, e)
  File "C:\Users\user\Documents\gb\djangoProject\venv\Lib\site-packages\django\template\base.py", line 508, in parse
    compiled_result = compile_func(self, token)
                      ^^^^^^^^^^^^^^^^^^^^^^^^^
  File "C:\Users\user\Documents\gb\djangoProject\venv\Lib\site-packages\django\template\loader_tags.py", line 234, in do_block
    nodelist = parser.parse(("endblock",))
               ^^^^^^^^^^^^^^^^^^^^^^^^^^^
  File "C:\Users\user\Documents\gb\djangoProject\venv\Lib\site-packages\django\template\base.py", line 510, in parse
    raise self.error(token, e)
  File "C:\Users\user\Documents\gb\djangoProject\venv\Lib\site-packages\django\template\base.py", line 508, in parse
    compiled_result = compile_func(self, token)
                      ^^^^^^^^^^^^^^^^^^^^^^^^^
  File "C:\Users\user\Documents\gb\djangoProject\venv\Lib\site-packages\django\template\defaulttags.py", line 860, in do_for
    nodelist_loop = parser.parse(
                    ^^^^^^^^^^^^^
  File "C:\Users\user\Documents\gb\djangoProject\venv\Lib\site-packages\django\template\base.py", line 504, in parse
    self.invalid_block_tag(token, command, parse_until)
  File "C:\Users\user\Documents\gb\djangoProject\venv\Lib\site-packages\django\template\base.py", line 555, in invalid_block_tag
    raise self.error(
django.template.exceptions.TemplateSyntaxError: Invalid block tag on line 10: 'endblock', expected 'empty' or 'endfor'. Did you forget to register or load this tag?
"GET /contacts HTTP/1.1" 500 175745
"GET /contacts HTTP/1.1" 200 346
"GET /admin/ HTTP/1.1" 200 6585
"GET /static/admin/css/dashboard.css HTTP/1.1" 304 0
"GET /static/admin/css/dark_mode.css HTTP/1.1" 200 2682
"GET /static/admin/css/base.css HTTP/1.1" 200 21544
"GET /static/admin/css/responsive.css HTTP/1.1" 200 17905
"GET /static/admin/css/nav_sidebar.css HTTP/1.1" 200 2810
"GET /static/admin/img/icon-addlink.svg HTTP/1.1" 200 331
"GET /static/admin/img/icon-changelink.svg HTTP/1.1" 200 380
"GET /static/admin/js/theme.js HTTP/1.1" 200 1943
"GET /static/admin/js/nav_sidebar.js HTTP/1.1" 200 3063
"GET /admin/finalapp/person/ HTTP/1.1" 200 8722
"GET /static/admin/css/changelists.css HTTP/1.1" 200 6811
"GET /static/admin/js/vendor/jquery/jquery.js HTTP/1.1" 304 0
"GET /static/admin/js/jquery.init.js HTTP/1.1" 304 0
"GET /admin/jsi18n/ HTTP/1.1" 200 3342
"GET /static/admin/js/admin/RelatedObjectLookups.js HTTP/1.1" 304 0
"GET /static/admin/js/core.js HTTP/1.1" 304 0
"GET /static/admin/js/actions.js HTTP/1.1" 304 0
"GET /static/admin/js/urlify.js HTTP/1.1" 304 0
"GET /static/admin/js/vendor/xregexp/xregexp.js HTTP/1.1" 304 0
"GET /static/admin/js/prepopulate.js HTTP/1.1" 304 0
"GET /static/admin/img/tooltag-add.svg HTTP/1.1" 200 331
"GET /static/admin/js/filters.js HTTP/1.1" 200 978
"GET / HTTP/1.1" 200 357
"GET /contacts HTTP/1.1" 200 346
"GET /contacts HTTP/1.1" 200 346
"GET /contacts HTTP/1.1" 200 346
"GET /about/ HTTP/1.1" 200 357
"GET / HTTP/1.1" 200 357
"GET /about/ HTTP/1.1" 200 357
"GET /contacts HTTP/1.1" 200 346
"GET /contacts HTTP/1.1" 200 348
"GET /contacts HTTP/1.1" 200 346
"GET /about/ HTTP/1.1" 200 357
"GET / HTTP/1.1" 200 357
"GET /contacts HTTP/1.1" 200 346
"GET /admin/ HTTP/1.1" 200 6585
"GET /admin/finalapp/person/add/ HTTP/1.1" 200 9501
"GET /static/admin/css/forms.css HTTP/1.1" 304 0
"GET /admin/jsi18n/ HTTP/1.1" 200 3342
"GET /static/admin/js/prepopulate_init.js HTTP/1.1" 304 0
"GET /static/admin/css/widgets.css HTTP/1.1" 304 0
"GET /static/admin/js/change_form.js HTTP/1.1" 304 0
"POST /admin/finalapp/person/add/ HTTP/1.1" 302 0
"GET /admin/finalapp/person/ HTTP/1.1" 200 9204
"GET /admin/jsi18n/ HTTP/1.1" 200 3342
"GET /static/admin/img/icon-yes.svg HTTP/1.1" 200 436
"GET / HTTP/1.1" 200 357
"GET /contacts HTTP/1.1" 200 346
"GET /contacts HTTP/1.1" 200 346
"GET /contacts HTTP/1.1" 200 346
Watching for file changes with StatReloader
"GET / HTTP/1.1" 200 357
"GET /contacts HTTP/1.1" 200 346
"GET /contacts HTTP/1.1" 200 346
"GET /contacts HTTP/1.1" 200 346
"GET /contacts HTTP/1.1" 200 346
"GET /contacts HTTP/1.1" 200 346
C:\Users\user\Documents\gb\djangoProject\myproject\finalapp\views.py changed, reloading.
Watching for file changes with StatReloader
"GET /contacts HTTP/1.1" 200 437
"GET /contacts HTTP/1.1" 200 456
